<?xml version="1.0" encoding="UTF-8"?>
<testsuite name="ru.ncd.SwaggerControllerIntegrationTest" tests="1" skipped="0" failures="0" errors="0" timestamp="2019-09-03T14:54:19" hostname="mansur-ThinkPad-13-2nd-Gen" time="0.275">
  <properties/>
  <testcase name="postFile" classname="ru.ncd.SwaggerControllerIntegrationTest" time="0.275"/>
  <system-out><![CDATA[17:54:15.135 [Test worker] DEBUG org.springframework.test.context.junit4.SpringJUnit4ClassRunner - SpringJUnit4ClassRunner constructor called with [class ru.ncd.SwaggerControllerIntegrationTest]
17:54:15.146 [Test worker] DEBUG org.springframework.test.context.BootstrapUtils - Instantiating CacheAwareContextLoaderDelegate from class [org.springframework.test.context.cache.DefaultCacheAwareContextLoaderDelegate]
17:54:15.158 [Test worker] DEBUG org.springframework.test.context.BootstrapUtils - Instantiating BootstrapContext using constructor [public org.springframework.test.context.support.DefaultBootstrapContext(java.lang.Class,org.springframework.test.context.CacheAwareContextLoaderDelegate)]
17:54:15.189 [Test worker] DEBUG org.springframework.test.context.BootstrapUtils - Instantiating TestContextBootstrapper for test class [ru.ncd.SwaggerControllerIntegrationTest] from class [org.springframework.boot.test.context.SpringBootTestContextBootstrapper]
17:54:15.203 [Test worker] INFO org.springframework.boot.test.context.SpringBootTestContextBootstrapper - Neither @ContextConfiguration nor @ContextHierarchy found for test class [ru.ncd.SwaggerControllerIntegrationTest], using SpringBootContextLoader
17:54:15.207 [Test worker] DEBUG org.springframework.test.context.support.AbstractContextLoader - Did not detect default resource location for test class [ru.ncd.SwaggerControllerIntegrationTest]: class path resource [ru/ncd/SwaggerControllerIntegrationTest-context.xml] does not exist
17:54:15.208 [Test worker] DEBUG org.springframework.test.context.support.AbstractContextLoader - Did not detect default resource location for test class [ru.ncd.SwaggerControllerIntegrationTest]: class path resource [ru/ncd/SwaggerControllerIntegrationTestContext.groovy] does not exist
17:54:15.208 [Test worker] INFO org.springframework.test.context.support.AbstractContextLoader - Could not detect default resource locations for test class [ru.ncd.SwaggerControllerIntegrationTest]: no resource found for suffixes {-context.xml, Context.groovy}.
17:54:15.209 [Test worker] INFO org.springframework.test.context.support.AnnotationConfigContextLoaderUtils - Could not detect default configuration classes for test class [ru.ncd.SwaggerControllerIntegrationTest]: SwaggerControllerIntegrationTest does not declare any static, non-private, non-final, nested classes annotated with @Configuration.
17:54:15.263 [Test worker] DEBUG org.springframework.test.context.support.ActiveProfilesUtils - Could not find an 'annotation declaring class' for annotation type [org.springframework.test.context.ActiveProfiles] and class [ru.ncd.SwaggerControllerIntegrationTest]
17:54:15.394 [Test worker] DEBUG org.springframework.context.annotation.ClassPathScanningCandidateComponentProvider - Identified candidate component class: file [/home/mansur/IdeaProjects/IslandCountSpringBoot/build/classes/java/main/ru/ncd/Application.class]
17:54:15.425 [Test worker] INFO org.springframework.boot.test.context.SpringBootTestContextBootstrapper - Found @SpringBootConfiguration ru.ncd.Application for test class ru.ncd.SwaggerControllerIntegrationTest
17:54:15.541 [Test worker] DEBUG org.springframework.boot.test.context.SpringBootTestContextBootstrapper - @TestExecutionListeners is not present for class [ru.ncd.SwaggerControllerIntegrationTest]: using defaults.
17:54:15.542 [Test worker] INFO org.springframework.boot.test.context.SpringBootTestContextBootstrapper - Loaded default TestExecutionListener class names from location [META-INF/spring.factories]: [org.springframework.boot.test.autoconfigure.restdocs.RestDocsTestExecutionListener, org.springframework.boot.test.autoconfigure.web.client.MockRestServiceServerResetTestExecutionListener, org.springframework.boot.test.autoconfigure.web.servlet.MockMvcPrintOnlyOnFailureTestExecutionListener, org.springframework.boot.test.autoconfigure.web.servlet.WebDriverTestExecutionListener, org.springframework.boot.test.mock.mockito.MockitoTestExecutionListener, org.springframework.boot.test.mock.mockito.ResetMocksTestExecutionListener, org.springframework.test.context.web.ServletTestExecutionListener, org.springframework.test.context.support.DirtiesContextBeforeModesTestExecutionListener, org.springframework.test.context.support.DependencyInjectionTestExecutionListener, org.springframework.test.context.support.DirtiesContextTestExecutionListener, org.springframework.test.context.transaction.TransactionalTestExecutionListener, org.springframework.test.context.jdbc.SqlScriptsTestExecutionListener]
17:54:15.553 [Test worker] DEBUG org.springframework.boot.test.context.SpringBootTestContextBootstrapper - Skipping candidate TestExecutionListener [org.springframework.test.context.transaction.TransactionalTestExecutionListener] due to a missing dependency. Specify custom listener classes or make the default listener classes and their required dependencies available. Offending class: [org/springframework/transaction/TransactionDefinition]
17:54:15.553 [Test worker] DEBUG org.springframework.boot.test.context.SpringBootTestContextBootstrapper - Skipping candidate TestExecutionListener [org.springframework.test.context.jdbc.SqlScriptsTestExecutionListener] due to a missing dependency. Specify custom listener classes or make the default listener classes and their required dependencies available. Offending class: [org/springframework/transaction/interceptor/TransactionAttribute]
17:54:15.554 [Test worker] INFO org.springframework.boot.test.context.SpringBootTestContextBootstrapper - Using TestExecutionListeners: [org.springframework.test.context.web.ServletTestExecutionListener@265efa38, org.springframework.test.context.support.DirtiesContextBeforeModesTestExecutionListener@19b4ba5d, org.springframework.boot.test.mock.mockito.MockitoTestExecutionListener@1c1deb68, org.springframework.boot.test.autoconfigure.SpringBootDependencyInjectionTestExecutionListener@572fc351, org.springframework.test.context.support.DirtiesContextTestExecutionListener@6717cb6, org.springframework.boot.test.autoconfigure.restdocs.RestDocsTestExecutionListener@3aab5877, org.springframework.boot.test.autoconfigure.web.client.MockRestServiceServerResetTestExecutionListener@491eb2e1, org.springframework.boot.test.autoconfigure.web.servlet.MockMvcPrintOnlyOnFailureTestExecutionListener@6002d5d8, org.springframework.boot.test.autoconfigure.web.servlet.WebDriverTestExecutionListener@6d9b91a2, org.springframework.boot.test.mock.mockito.ResetMocksTestExecutionListener@d930486]
17:54:15.558 [Test worker] DEBUG org.springframework.test.annotation.ProfileValueUtils - Retrieved @ProfileValueSourceConfiguration [null] for test class [ru.ncd.SwaggerControllerIntegrationTest]
17:54:15.558 [Test worker] DEBUG org.springframework.test.annotation.ProfileValueUtils - Retrieved ProfileValueSource type [class org.springframework.test.annotation.SystemProfileValueSource] for class [ru.ncd.SwaggerControllerIntegrationTest]
17:54:15.561 [Test worker] DEBUG org.springframework.test.annotation.ProfileValueUtils - Retrieved @ProfileValueSourceConfiguration [null] for test class [ru.ncd.SwaggerControllerIntegrationTest]
17:54:15.562 [Test worker] DEBUG org.springframework.test.annotation.ProfileValueUtils - Retrieved ProfileValueSource type [class org.springframework.test.annotation.SystemProfileValueSource] for class [ru.ncd.SwaggerControllerIntegrationTest]
17:54:15.562 [Test worker] DEBUG org.springframework.test.annotation.ProfileValueUtils - Retrieved @ProfileValueSourceConfiguration [null] for test class [ru.ncd.SwaggerControllerIntegrationTest]
17:54:15.563 [Test worker] DEBUG org.springframework.test.annotation.ProfileValueUtils - Retrieved ProfileValueSource type [class org.springframework.test.annotation.SystemProfileValueSource] for class [ru.ncd.SwaggerControllerIntegrationTest]
17:54:15.569 [Test worker] DEBUG org.springframework.test.context.support.AbstractDirtiesContextTestExecutionListener - Before test class: context [DefaultTestContext@857b7b6 testClass = SwaggerControllerIntegrationTest, testInstance = [null], testMethod = [null], testException = [null], mergedContextConfiguration = [WebMergedContextConfiguration@1e7b6849 testClass = SwaggerControllerIntegrationTest, locations = '{}', classes = '{class ru.ncd.Application}', contextInitializerClasses = '[]', activeProfiles = '{}', propertySourceLocations = '{}', propertySourceProperties = '{org.springframework.boot.test.context.SpringBootTestContextBootstrapper=true}', contextCustomizers = set[org.springframework.boot.test.autoconfigure.properties.PropertyMappingContextCustomizer@0, org.springframework.boot.test.autoconfigure.web.servlet.WebDriverContextCustomizerFactory$Customizer@997ebbf, org.springframework.boot.test.context.filter.ExcludeFilterContextCustomizer@4364922a, org.springframework.boot.test.json.DuplicateJsonObjectContextCustomizerFactory$DuplicateJsonObjectContextCustomizer@65241820, org.springframework.boot.test.mock.mockito.MockitoContextCustomizer@0, org.springframework.boot.test.web.client.TestRestTemplateContextCustomizer@72f6ffb], resourceBasePath = 'src/main/webapp', contextLoader = 'org.springframework.boot.test.context.SpringBootContextLoader', parent = [null]], attributes = map['org.springframework.test.context.web.ServletTestExecutionListener.activateListener' -> true]], class annotated with @DirtiesContext [false] with mode [null].
17:54:15.569 [Test worker] DEBUG org.springframework.test.annotation.ProfileValueUtils - Retrieved @ProfileValueSourceConfiguration [null] for test class [ru.ncd.SwaggerControllerIntegrationTest]
17:54:15.570 [Test worker] DEBUG org.springframework.test.annotation.ProfileValueUtils - Retrieved ProfileValueSource type [class org.springframework.test.annotation.SystemProfileValueSource] for class [ru.ncd.SwaggerControllerIntegrationTest]
17:54:15.596 [Test worker] DEBUG org.springframework.test.context.support.TestPropertySourceUtils - Adding inlined properties to environment: {spring.jmx.enabled=false, org.springframework.boot.test.context.SpringBootTestContextBootstrapper=true, server.port=-1}

  .   ____          _            __ _ _
 /\\ / ___'_ __ _ _(_)_ __  __ _ \ \ \ \
( ( )\___ | '_ | '_| | '_ \/ _` | \ \ \ \
 \\/  ___)| |_)| | | | | || (_| |  ) ) ) )
  '  |____| .__|_| |_|_| |_\__, | / / / /
 =========|_|==============|___/=/_/_/_/
 :: Spring Boot ::        (v2.1.6.RELEASE)

2019-09-03 17:54:15.919  INFO 29747 --- [    Test worker] ru.ncd.SwaggerControllerIntegrationTest  : Starting SwaggerControllerIntegrationTest on mansur-ThinkPad-13-2nd-Gen with PID 29747 (started by mansur in /home/mansur/IdeaProjects/IslandCountSpringBoot)
2019-09-03 17:54:15.921  INFO 29747 --- [    Test worker] ru.ncd.SwaggerControllerIntegrationTest  : No active profile set, falling back to default profiles: default
2019-09-03 17:54:18.484  INFO 29747 --- [    Test worker] pertySourcedRequestMappingHandlerMapping : Mapped URL path [/v2/api-docs] onto method [public org.springframework.http.ResponseEntity<springfox.documentation.spring.web.json.Json> springfox.documentation.swagger2.web.Swagger2Controller.getDocumentation(java.lang.String,javax.servlet.http.HttpServletRequest)]
2019-09-03 17:54:19.135  INFO 29747 --- [    Test worker] o.s.s.concurrent.ThreadPoolTaskExecutor  : Initializing ExecutorService 'applicationTaskExecutor'
2019-09-03 17:54:19.329  WARN 29747 --- [    Test worker] ion$DefaultTemplateResolverConfiguration : Cannot find template location: classpath:/templates/ (please add some templates or check your Thymeleaf configuration)
2019-09-03 17:54:19.593  INFO 29747 --- [    Test worker] d.s.w.p.DocumentationPluginsBootstrapper : Context refreshed
2019-09-03 17:54:19.633  INFO 29747 --- [    Test worker] d.s.w.p.DocumentationPluginsBootstrapper : Found 1 custom documentation plugin(s)
2019-09-03 17:54:19.668  INFO 29747 --- [    Test worker] s.d.s.w.s.ApiListingReferenceScanner     : Scanning for api listing references
2019-09-03 17:54:19.882  INFO 29747 --- [    Test worker] ru.ncd.SwaggerControllerIntegrationTest  : Started SwaggerControllerIntegrationTest in 4.271 seconds (JVM running for 5.511)
Connecting to a selected database...
Connected database successfully...
]]></system-out>
  <system-err><![CDATA[]]></system-err>
</testsuite>
